c:\users\lg\desktop\컴그\텀프\2018_runnerway\runnerway\runnerway\debug\vc141.pdb
c:\users\lg\desktop\컴그\텀프\2018_runnerway\runnerway\runnerway\debug\vc141.idb
c:\users\lg\desktop\컴그\텀프\2018_runnerway\runnerway\runnerway\debug\main.obj
c:\users\lg\desktop\컴그\텀프\2018_runnerway\runnerway\runnerway\debug\scene.obj
c:\users\lg\desktop\컴그\텀프\2018_runnerway\runnerway\runnerway\debug\obstacle.obj
c:\users\lg\desktop\컴그\텀프\2018_runnerway\runnerway\runnerway\debug\item.obj
c:\users\lg\desktop\컴그\텀프\2018_runnerway\runnerway\runnerway\debug\input.obj
c:\users\lg\desktop\컴그\텀프\2018_runnerway\runnerway\runnerway\debug\ground.obj
c:\users\lg\desktop\컴그\텀프\2018_runnerway\runnerway\runnerway\debug\camera.obj
c:\users\lg\desktop\컴그\텀프\2018_runnerway\runnerway\runnerway\debug\ccube.obj
c:\users\lg\desktop\컴그\텀프\2018_runnerway\runnerway\runnerway\debug\ball.obj
c:\users\lg\desktop\컴그\텀프\2018_runnerway\runnerway\debug\runnerway.pdb
c:\users\lg\desktop\컴그\텀프\2018_runnerway\runnerway\runnerway\debug\runnerway.tlog\cl.command.1.tlog
c:\users\lg\desktop\컴그\텀프\2018_runnerway\runnerway\runnerway\debug\runnerway.tlog\cl.read.1.tlog
c:\users\lg\desktop\컴그\텀프\2018_runnerway\runnerway\runnerway\debug\runnerway.tlog\cl.write.1.tlog
c:\users\lg\desktop\컴그\텀프\2018_runnerway\runnerway\runnerway\debug\runnerway.tlog\link.193380-cvtres.read.1.tlog
c:\users\lg\desktop\컴그\텀프\2018_runnerway\runnerway\runnerway\debug\runnerway.tlog\link.193380-cvtres.write.1.tlog
c:\users\lg\desktop\컴그\텀프\2018_runnerway\runnerway\runnerway\debug\runnerway.tlog\link.193380-rc.read.1.tlog
c:\users\lg\desktop\컴그\텀프\2018_runnerway\runnerway\runnerway\debug\runnerway.tlog\link.193380-rc.write.1.tlog
c:\users\lg\desktop\컴그\텀프\2018_runnerway\runnerway\runnerway\debug\runnerway.tlog\link.193380.read.1.tlog
c:\users\lg\desktop\컴그\텀프\2018_runnerway\runnerway\runnerway\debug\runnerway.tlog\link.193380.write.1.tlog
c:\users\lg\desktop\컴그\텀프\2018_runnerway\runnerway\runnerway\debug\runnerway.tlog\link.command.1.tlog
c:\users\lg\desktop\컴그\텀프\2018_runnerway\runnerway\runnerway\debug\runnerway.tlog\link.read.1.tlog
c:\users\lg\desktop\컴그\텀프\2018_runnerway\runnerway\runnerway\debug\runnerway.tlog\link.write.1.tlog
